<?xml version="1.0" encoding="UTF-8"?>
<testng-results skipped="0" failed="0" ignored="0" total="1" passed="1">
  <reporter-output>
  </reporter-output>
  <suite name="Default suite" duration-ms="16624" started-at="2018-09-26T07:10:26Z" finished-at="2018-09-26T07:10:43Z">
    <groups>
    </groups>
    <test name="Default test" duration-ms="16624" started-at="2018-09-26T07:10:26Z" finished-at="2018-09-26T07:10:43Z">
      <class name="com.flsmith.testcases.LoginPageTest">
        <test-method status="PASS" signature="setUp()[pri:0, instance:com.flsmith.testcases.LoginPageTest@685cb137]" name="setUp" is-config="true" duration-ms="16258" started-at="2018-09-26T12:40:26Z" finished-at="2018-09-26T12:40:42Z">
          <reporter-output>
          </reporter-output>
        </test-method> <!-- setUp -->
        <test-method status="PASS" signature="loginTest()[pri:0, instance:com.flsmith.testcases.LoginPageTest@685cb137]" name="loginTest" duration-ms="346" started-at="2018-09-26T12:40:42Z" finished-at="2018-09-26T12:40:43Z">
          <reporter-output>
          </reporter-output>
        </test-method> <!-- loginTest -->
      </class> <!-- com.flsmith.testcases.LoginPageTest -->
    </test> <!-- Default test -->
  </suite> <!-- Default suite -->
</testng-results>
